2023-02-28 10:59:29.050 [info] Reading sessions from keychain...
2023-02-28 10:59:29.050 [info] Getting sessions for read:user,repo,user:email,workflow...
2023-02-28 10:59:29.050 [info] Got 0 sessions for read:user,repo,user:email,workflow...
2023-02-28 10:59:29.050 [info] Getting sessions for all scopes...
2023-02-28 10:59:29.050 [info] Got 0 sessions for ...
2023-02-28 10:59:30.543 [info] Logging in for the following scopes: read:user repo user:email workflow
2023-02-28 10:59:30.543 [info] Trying to retrieve PAT... (read:user repo user:email workflow)
2023-02-28 10:59:33.839 [info] Getting token scopes...
2023-02-28 10:59:34.381 [error] Error: The provided token does not match the requested scopes: read:user repo user:email workflow
	at t.GitHubServer.i (/opt/vscodium-bin/resources/app/extensions/github-authentication/dist/extension.js:2:1302126)
	at process.processTicksAndRejections (node:internal/process/task_queues:96:5)
	at async t.GitHubServer.login (/opt/vscodium-bin/resources/app/extensions/github-authentication/dist/extension.js:2:1301241)
	at async t.GitHubAuthenticationProvider.createSession (/opt/vscodium-bin/resources/app/extensions/github-authentication/dist/extension.js:2:1299264)
2023-02-28 10:59:57.538 [info] Getting sessions for read:user,repo,user:email,workflow...
2023-02-28 10:59:57.538 [info] Got 0 sessions for read:user,repo,user:email,workflow...
2023-02-28 10:59:58.777 [info] Logging in for the following scopes: read:user repo user:email workflow
2023-02-28 10:59:58.777 [info] Trying to retrieve PAT... (read:user repo user:email workflow)
2023-02-28 11:00:00.791 [info] Getting token scopes...
2023-02-28 11:00:01.304 [error] Error: The provided token does not match the requested scopes: read:user repo user:email workflow
	at t.GitHubServer.i (/opt/vscodium-bin/resources/app/extensions/github-authentication/dist/extension.js:2:1302126)
	at process.processTicksAndRejections (node:internal/process/task_queues:96:5)
	at async t.GitHubServer.login (/opt/vscodium-bin/resources/app/extensions/github-authentication/dist/extension.js:2:1301241)
	at async t.GitHubAuthenticationProvider.createSession (/opt/vscodium-bin/resources/app/extensions/github-authentication/dist/extension.js:2:1299264)
2023-02-28 11:00:43.741 [info] Getting sessions for read:user,repo,user:email,workflow...
2023-02-28 11:00:43.741 [info] Got 0 sessions for read:user,repo,user:email,workflow...
2023-02-28 11:00:44.832 [info] Logging in for the following scopes: read:user repo user:email workflow
2023-02-28 11:00:44.832 [info] Trying to retrieve PAT... (read:user repo user:email workflow)
2023-02-28 11:01:38.468 [error] Error: User Cancelled
	at t.GitHubServer.i (/opt/vscodium-bin/resources/app/extensions/github-authentication/dist/extension.js:2:1301539)
	at process.processTicksAndRejections (node:internal/process/task_queues:96:5)
	at async t.GitHubServer.login (/opt/vscodium-bin/resources/app/extensions/github-authentication/dist/extension.js:2:1301241)
	at async t.GitHubAuthenticationProvider.createSession (/opt/vscodium-bin/resources/app/extensions/github-authentication/dist/extension.js:2:1299264)
2023-02-28 11:04:09.045 [info] Getting sessions for read:user,repo,user:email,workflow...
2023-02-28 11:04:09.046 [info] Got 0 sessions for read:user,repo,user:email,workflow...
2023-02-28 11:04:25.434 [info] Logging in for the following scopes: read:user repo user:email workflow
2023-02-28 11:04:25.435 [info] Trying to retrieve PAT... (read:user repo user:email workflow)
2023-02-28 11:04:40.879 [error] Error: User Cancelled
	at t.GitHubServer.i (/opt/vscodium-bin/resources/app/extensions/github-authentication/dist/extension.js:2:1301539)
	at process.processTicksAndRejections (node:internal/process/task_queues:96:5)
	at async t.GitHubServer.login (/opt/vscodium-bin/resources/app/extensions/github-authentication/dist/extension.js:2:1301241)
	at async t.GitHubAuthenticationProvider.createSession (/opt/vscodium-bin/resources/app/extensions/github-authentication/dist/extension.js:2:1299264)
2023-02-28 11:05:13.701 [info] Getting sessions for all scopes...
2023-02-28 11:05:13.701 [info] Got 0 sessions for ...
2023-02-28 11:05:15.317 [info] Getting sessions for all scopes...
2023-02-28 11:05:15.317 [info] Got 0 sessions for ...
2023-02-28 11:05:16.303 [info] Getting sessions for all scopes...
2023-02-28 11:05:16.303 [info] Got 0 sessions for ...
2023-02-28 11:05:18.272 [info] Getting sessions for all scopes...
2023-02-28 11:05:18.272 [info] Got 0 sessions for ...
2023-02-28 11:05:26.338 [info] Getting sessions for all scopes...
2023-02-28 11:05:26.338 [info] Got 0 sessions for ...
2023-02-28 11:05:52.939 [info] Getting sessions for all scopes...
2023-02-28 11:05:52.939 [info] Got 0 sessions for ...
