2023-02-04 17:03:22.241 [info] Log level: Info
2023-02-04 17:03:22.241 [info] Validating found git in: "git"
2023-02-04 17:03:22.241 [info] Using git "2.39.1" from "git"
2023-02-04 17:03:22.241 [info] > git rev-parse --show-toplevel [5ms]
2023-02-04 17:03:22.242 [info] fatal: not a git repository (or any of the parent directories): .git
2023-02-04 17:03:22.242 [info] > git rev-parse --show-toplevel [3ms]
2023-02-04 17:03:22.242 [info] fatal: not a git repository (or any parent up to mount point /)
Stopping at filesystem boundary (GIT_DISCOVERY_ACROSS_FILESYSTEM not set).
2023-02-04 17:03:22.261 [info] > git rev-parse --show-toplevel [52ms]
2023-02-04 17:03:22.261 [info] fatal: not a git repository (or any parent up to mount point /)
Stopping at filesystem boundary (GIT_DISCOVERY_ACROSS_FILESYSTEM not set).
2023-02-04 17:03:22.310 [info] > git rev-parse --show-toplevel [39ms]
2023-02-04 17:03:22.310 [info] fatal: not a git repository (or any parent up to mount point /)
Stopping at filesystem boundary (GIT_DISCOVERY_ACROSS_FILESYSTEM not set).
2023-02-04 17:03:22.321 [info] > git rev-parse --show-toplevel [5ms]
2023-02-04 17:03:22.322 [info] fatal: not a git repository (or any of the parent directories): .git
2023-02-04 17:03:22.329 [info] > git rev-parse --show-toplevel [2ms]
2023-02-04 17:03:22.329 [info] fatal: not a git repository (or any parent up to mount point /)
Stopping at filesystem boundary (GIT_DISCOVERY_ACROSS_FILESYSTEM not set).
2023-02-04 17:03:22.338 [info] > git rev-parse --show-toplevel [2ms]
2023-02-04 17:03:22.338 [info] fatal: not a git repository (or any of the parent directories): .git
2023-02-04 17:03:22.345 [info] > git rev-parse --show-toplevel [2ms]
2023-02-04 17:03:22.345 [info] fatal: not a git repository (or any of the parent directories): .git
2023-02-04 17:03:22.353 [info] > git rev-parse --show-toplevel [2ms]
2023-02-04 17:03:22.353 [info] fatal: not a git repository (or any parent up to mount point /)
Stopping at filesystem boundary (GIT_DISCOVERY_ACROSS_FILESYSTEM not set).
2023-02-04 17:03:22.366 [info] > git rev-parse --show-toplevel [2ms]
2023-02-04 17:03:22.366 [info] fatal: not a git repository (or any parent up to mount point /)
Stopping at filesystem boundary (GIT_DISCOVERY_ACROSS_FILESYSTEM not set).
2023-02-04 17:03:22.373 [info] > git rev-parse --show-toplevel [2ms]
2023-02-04 17:03:22.374 [info] fatal: not a git repository (or any of the parent directories): .git
2023-02-04 17:03:22.380 [info] > git rev-parse --show-toplevel [2ms]
2023-02-04 17:03:22.380 [info] fatal: not a git repository (or any parent up to mount point /)
Stopping at filesystem boundary (GIT_DISCOVERY_ACROSS_FILESYSTEM not set).
2023-02-04 17:03:22.387 [info] > git rev-parse --show-toplevel [2ms]
2023-02-04 17:03:22.387 [info] fatal: not a git repository (or any parent up to mount point /)
Stopping at filesystem boundary (GIT_DISCOVERY_ACROSS_FILESYSTEM not set).
2023-02-04 17:03:22.394 [info] > git rev-parse --show-toplevel [2ms]
2023-02-04 17:03:22.394 [info] fatal: not a git repository (or any of the parent directories): .git
2023-02-04 17:03:22.401 [info] > git rev-parse --show-toplevel [2ms]
2023-02-04 17:03:22.401 [info] fatal: not a git repository (or any of the parent directories): .git
2023-02-04 17:03:22.691 [info] > git rev-parse --show-toplevel [2ms]
2023-02-04 17:03:22.691 [info] fatal: not a git repository (or any of the parent directories): .git
2023-02-04 17:05:06.355 [info] > git rev-parse --show-toplevel [12ms]
2023-02-04 17:05:06.355 [info] fatal: not a git repository (or any of the parent directories): .git
