2023-02-04 18:01:19.243 [info] Log level: Info
2023-02-04 18:01:19.243 [info] Validating found git in: "git"
2023-02-04 18:01:19.243 [info] Using git "2.39.1" from "git"
2023-02-04 18:01:19.264 [info] > git rev-parse --show-toplevel [28ms]
2023-02-04 18:01:19.264 [info] fatal: not a git repository (or any of the parent directories): .git
2023-02-04 18:01:19.310 [info] > git rev-parse --show-toplevel [10ms]
2023-02-04 18:01:19.310 [info] fatal: not a git repository (or any parent up to mount point /)
Stopping at filesystem boundary (GIT_DISCOVERY_ACROSS_FILESYSTEM not set).
2023-02-04 18:01:19.325 [info] > git rev-parse --show-toplevel [1ms]
2023-02-04 18:01:19.325 [info] fatal: not a git repository (or any parent up to mount point /)
Stopping at filesystem boundary (GIT_DISCOVERY_ACROSS_FILESYSTEM not set).
2023-02-04 18:01:19.346 [info] > git rev-parse --show-toplevel [3ms]
2023-02-04 18:01:19.346 [info] fatal: not a git repository (or any parent up to mount point /)
Stopping at filesystem boundary (GIT_DISCOVERY_ACROSS_FILESYSTEM not set).
2023-02-04 18:01:19.367 [info] > git rev-parse --show-toplevel [12ms]
2023-02-04 18:01:19.367 [info] fatal: not a git repository (or any of the parent directories): .git
2023-02-04 18:01:19.380 [info] > git rev-parse --show-toplevel [2ms]
2023-02-04 18:01:19.380 [info] fatal: not a git repository (or any parent up to mount point /)
Stopping at filesystem boundary (GIT_DISCOVERY_ACROSS_FILESYSTEM not set).
2023-02-04 18:01:19.399 [info] > git rev-parse --show-toplevel [2ms]
2023-02-04 18:01:19.400 [info] fatal: not a git repository (or any of the parent directories): .git
2023-02-04 18:01:19.420 [info] > git rev-parse --show-toplevel [3ms]
2023-02-04 18:01:19.420 [info] fatal: not a git repository (or any of the parent directories): .git
2023-02-04 18:01:19.430 [info] > git rev-parse --show-toplevel [3ms]
2023-02-04 18:01:19.430 [info] fatal: not a git repository (or any parent up to mount point /)
Stopping at filesystem boundary (GIT_DISCOVERY_ACROSS_FILESYSTEM not set).
2023-02-04 18:01:19.446 [info] > git rev-parse --show-toplevel [2ms]
2023-02-04 18:01:19.446 [info] fatal: not a git repository (or any parent up to mount point /)
Stopping at filesystem boundary (GIT_DISCOVERY_ACROSS_FILESYSTEM not set).
2023-02-04 18:01:19.468 [info] > git rev-parse --show-toplevel [4ms]
2023-02-04 18:01:19.468 [info] fatal: not a git repository (or any of the parent directories): .git
2023-02-04 18:01:19.482 [info] > git rev-parse --show-toplevel [2ms]
2023-02-04 18:01:19.482 [info] fatal: not a git repository (or any parent up to mount point /)
Stopping at filesystem boundary (GIT_DISCOVERY_ACROSS_FILESYSTEM not set).
2023-02-04 18:01:19.492 [info] > git rev-parse --show-toplevel [3ms]
2023-02-04 18:01:19.492 [info] fatal: not a git repository (or any parent up to mount point /)
Stopping at filesystem boundary (GIT_DISCOVERY_ACROSS_FILESYSTEM not set).
2023-02-04 18:01:19.501 [info] > git rev-parse --show-toplevel [2ms]
2023-02-04 18:01:19.501 [info] fatal: not a git repository (or any of the parent directories): .git
2023-02-04 18:01:19.512 [info] > git rev-parse --show-toplevel [2ms]
2023-02-04 18:01:19.512 [info] fatal: not a git repository (or any of the parent directories): .git
2023-02-04 18:01:19.842 [info] > git rev-parse --show-toplevel [11ms]
2023-02-04 18:01:19.842 [info] fatal: not a git repository (or any of the parent directories): .git
