2023-02-28 10:58:37.176 [info] Added views:workbench.panel.markers.view in workbench.panel.markers
2023-02-28 10:58:37.176 [info] Added views:workbench.panel.output in workbench.panel.output
2023-02-28 10:58:37.176 [info] Added views:terminal in terminal
2023-02-28 10:58:37.176 [info] Added views:outline in workbench.view.explorer
2023-02-28 10:58:37.176 [info] Added views:workbench.scm in workbench.view.scm
2023-02-28 10:58:37.176 [info] Added views:workbench.view.search in workbench.view.search
2023-02-28 10:58:37.176 [info] Added views:timeline in workbench.view.explorer
2023-02-28 10:58:37.176 [info] Added views:workbench.explorer.emptyView in workbench.view.explorer
2023-02-28 10:58:37.215 [info] Added views:workbench.debug.variablesView,workbench.debug.watchExpressionsView,workbench.debug.callStackView,workbench.debug.breakPointsView in workbench.view.debug
2023-02-28 10:58:37.675 [info] Added views:jupyterViewVariables in workbench.view.extension.jupyter-variables
2023-02-28 10:58:37.677 [info] Added views:cell-tag in workbench.view.extension.jupyter
2023-02-28 10:58:38.185 [info] Added views:workbench.panel.repl.view in workbench.panel.repl
2023-02-28 10:58:38.187 [info] Removed views:workbench.debug.breakPointsView,workbench.debug.callStackView,workbench.debug.watchExpressionsView,workbench.debug.variablesView from workbench.view.debug
2023-02-28 10:58:38.188 [info] Added views:workbench.debug.welcome in workbench.view.debug
2023-02-28 10:58:49.089 [info] Added views:workbench.views.extensions.installed,workbench.views.extensions.popular,extensions.recommendedList in workbench.view.extensions
2023-02-28 10:58:49.091 [info] Removed views:workbench.views.extensions.popular from workbench.view.extensions
2023-02-28 10:59:08.004 [info] Added views:workbench.panel.markers.view in workbench.panel.markers
2023-02-28 10:59:08.004 [info] Added views:workbench.panel.output in workbench.panel.output
2023-02-28 10:59:08.004 [info] Added views:terminal in terminal
2023-02-28 10:59:08.004 [info] Added views:outline in workbench.view.explorer
2023-02-28 10:59:08.004 [info] Added views:workbench.scm in workbench.view.scm
2023-02-28 10:59:08.004 [info] Added views:workbench.view.search in workbench.view.search
2023-02-28 10:59:08.004 [info] Added views:timeline in workbench.view.explorer
2023-02-28 10:59:08.004 [info] Added views:workbench.explorer.fileView in workbench.view.explorer
2023-02-28 10:59:08.004 [info] Added views:workbench.debug.variablesView,workbench.debug.watchExpressionsView,workbench.debug.callStackView,workbench.debug.breakPointsView in workbench.view.debug
2023-02-28 10:59:08.421 [info] Added views:jupyterViewVariables in workbench.view.extension.jupyter-variables
2023-02-28 10:59:08.428 [info] Added views:cell-tag in workbench.view.extension.jupyter
2023-02-28 10:59:08.884 [info] Added views:workbench.panel.repl.view in workbench.panel.repl
2023-02-28 10:59:08.886 [info] Removed views:workbench.debug.breakPointsView,workbench.debug.callStackView,workbench.debug.watchExpressionsView,workbench.debug.variablesView from workbench.view.debug
2023-02-28 10:59:08.888 [info] Added views:workbench.debug.welcome in workbench.view.debug
2023-02-28 10:59:22.113 [info] Added views:workbench.views.extensions.installed,workbench.views.extensions.popular,extensions.recommendedList in workbench.view.extensions
2023-02-28 10:59:22.121 [info] Removed views:workbench.views.extensions.popular from workbench.view.extensions
2023-02-28 11:06:11.306 [info] Removed views:jupyterViewVariables from workbench.view.extension.jupyter-variables
2023-02-28 11:06:11.311 [info] Added views:jupyterViewVariables in workbench.view.explorer
2023-02-28 11:06:11.321 [info] Removed views:cell-tag from workbench.view.extension.jupyter
2023-02-28 11:06:11.324 [info] Added views:cell-tag in workbench.view.explorer
2023-02-28 11:06:11.334 [info] Removed views:jupyterViewVariables from workbench.view.explorer
2023-02-28 11:06:11.621 [info] Removed views:cell-tag from workbench.view.explorer
