2023-02-28 10:58:38.104 [info] Extension host with pid 7433 started
2023-02-28 10:58:38.221 [info] ExtensionService#_doActivateExtension vscode.git-base, startup: true, activationEvent: '*', root cause: vscode.git
2023-02-28 10:58:38.248 [info] ExtensionService#_doActivateExtension vscode.git, startup: true, activationEvent: '*'
2023-02-28 10:58:38.248 [info] ExtensionService#_doActivateExtension vscode.github, startup: true, activationEvent: '*'
2023-02-28 10:58:38.353 [info] Eager extensions activated
2023-02-28 10:58:38.371 [info] ExtensionService#_doActivateExtension vscode.debug-auto-launch, startup: false, activationEvent: 'onStartupFinished'
2023-02-28 10:58:38.372 [info] ExtensionService#_doActivateExtension vscode.emmet, startup: false, activationEvent: 'onStartupFinished'
2023-02-28 10:58:38.372 [info] ExtensionService#_doActivateExtension vscode.merge-conflict, startup: false, activationEvent: 'onStartupFinished'
2023-02-28 10:58:48.811 [info] ExtensionService#_doActivateExtension ms-toolsai.vscode-jupyter-cell-tags, startup: false, activationEvent: 'onView:cell-tag'
2023-02-28 10:59:06.914 [info] Extension host terminating: received terminate message from renderer
2023-02-28 10:59:06.922 [info] Extension host with pid 7433 exiting with code 0
2023-02-28 10:59:08.784 [info] Extension host with pid 7557 started
2023-02-28 10:59:08.784 [info] Skipping acquiring lock for /home/hnp/.config/VSCodium/User/workspaceStorage/231003165e0c8e48b519045ce7e47e62.
2023-02-28 10:59:08.889 [info] ExtensionService#_doActivateExtension vscode.git-base, startup: true, activationEvent: '*', root cause: vscode.git
2023-02-28 10:59:08.980 [info] ExtensionService#_doActivateExtension vscode.git, startup: true, activationEvent: '*'
2023-02-28 10:59:08.981 [info] ExtensionService#_doActivateExtension vscode.github, startup: true, activationEvent: '*'
2023-02-28 10:59:09.073 [info] Eager extensions activated
2023-02-28 10:59:09.093 [info] ExtensionService#_doActivateExtension vscode.debug-auto-launch, startup: false, activationEvent: 'onStartupFinished'
2023-02-28 10:59:09.093 [info] ExtensionService#_doActivateExtension vscode.emmet, startup: false, activationEvent: 'onStartupFinished'
2023-02-28 10:59:09.093 [info] ExtensionService#_doActivateExtension vscode.merge-conflict, startup: false, activationEvent: 'onStartupFinished'
2023-02-28 10:59:29.004 [info] ExtensionService#_doActivateExtension vscode.github-authentication, startup: false, activationEvent: 'onAuthenticationRequest:github'
2023-02-28 11:06:15.526 [info] Extension host terminating: received terminate message from renderer
2023-02-28 11:06:15.537 [info] Extension host with pid 7557 exiting with code 0
