2023-02-28 10:58:38.354 [info] Log level: Info
2023-02-28 10:58:38.354 [info] Validating found git in: "git"
2023-02-28 10:58:38.354 [info] Using git "2.39.2" from "git"
2023-02-28 10:59:06.892 [info] > git rev-parse --show-toplevel [9ms]
2023-02-28 10:59:06.892 [info] fatal: not a git repository (or any parent up to mount point /)
Stopping at filesystem boundary (GIT_DISCOVERY_ACROSS_FILESYSTEM not set).
2023-02-28 10:59:09.140 [info] Log level: Info
2023-02-28 10:59:09.140 [info] Validating found git in: "git"
2023-02-28 10:59:09.140 [info] Using git "2.39.2" from "git"
2023-02-28 10:59:09.140 [info] > git rev-parse --show-toplevel [5ms]
2023-02-28 10:59:09.140 [info] > git rev-parse --git-dir --git-common-dir [25ms]
2023-02-28 10:59:09.140 [info] Open repository: /home/hnp/Documents/obsidian
2023-02-28 10:59:09.161 [info] > git config --get commit.template [12ms]
2023-02-28 10:59:09.161 [info] > git rev-parse --show-toplevel [29ms]
2023-02-28 10:59:09.171 [info] > git for-each-ref --format=%(refname)%00%(upstream:short)%00%(objectname)%00%(upstream:track)%00%(upstream:remotename)%00%(upstream:remoteref) refs/heads/master refs/remotes/master [4ms]
2023-02-28 10:59:09.181 [info] > git status -z -uall [6ms]
2023-02-28 10:59:09.182 [info] > git for-each-ref --sort -committerdate --format %(refname) %(objectname) %(*objectname) [2ms]
2023-02-28 10:59:09.196 [info] > git config --get commit.template [6ms]
2023-02-28 10:59:09.196 [info] > git for-each-ref --format=%(refname)%00%(upstream:short)%00%(objectname)%00%(upstream:track)%00%(upstream:remotename)%00%(upstream:remoteref) refs/heads/master refs/remotes/master [1ms]
2023-02-28 10:59:09.206 [info] > git status -z -uall [5ms]
2023-02-28 10:59:09.207 [info] > git for-each-ref --sort -committerdate --format %(refname) %(objectname) %(*objectname) [1ms]
2023-02-28 10:59:09.669 [info] > git check-ignore -v -z --stdin [2ms]
2023-02-28 10:59:12.675 [info] > git fetch [748ms]
2023-02-28 10:59:12.692 [info] > git config --get commit.template [6ms]
2023-02-28 10:59:12.693 [info] > git for-each-ref --format=%(refname)%00%(upstream:short)%00%(objectname)%00%(upstream:track)%00%(upstream:remotename)%00%(upstream:remoteref) refs/heads/master refs/remotes/master [1ms]
2023-02-28 10:59:12.707 [info] > git status -z -uall [9ms]
2023-02-28 10:59:12.708 [info] > git for-each-ref --sort -committerdate --format %(refname) %(objectname) %(*objectname) [2ms]
2023-02-28 10:59:15.301 [info] > git check-ignore -v -z --stdin [3ms]
2023-02-28 10:59:50.351 [info] > git push -u origin master [21918ms]
2023-02-28 10:59:50.351 [info] remote: Support for password authentication was removed on August 13, 2021.
remote: Please see https://docs.github.com/en/get-started/getting-started-with-git/about-remote-repositories#cloning-with-https-urls for information on currently recommended modes of authentication.
fatal: Authentication failed for 'https://github.com/Iamhnp/Note.git/'
2023-02-28 11:00:22.913 [info] > git push -u origin master [25923ms]
2023-02-28 11:00:22.914 [info] remote: Support for password authentication was removed on August 13, 2021.
remote: Please see https://docs.github.com/en/get-started/getting-started-with-git/about-remote-repositories#cloning-with-https-urls for information on currently recommended modes of authentication.
fatal: Authentication failed for 'https://github.com/Iamhnp/Note.git/'
2023-02-28 11:02:07.776 [info] > git push -u origin master [84596ms]
2023-02-28 11:02:07.776 [info] remote: Support for password authentication was removed on August 13, 2021.
remote: Please see https://docs.github.com/en/get-started/getting-started-with-git/about-remote-repositories#cloning-with-https-urls for information on currently recommended modes of authentication.
fatal: Authentication failed for 'https://github.com/Iamhnp/Note.git/'
2023-02-28 11:03:01.150 [info] > git fetch [789ms]
2023-02-28 11:03:01.166 [info] > git config --get commit.template [9ms]
2023-02-28 11:03:01.166 [info] > git for-each-ref --format=%(refname)%00%(upstream:short)%00%(objectname)%00%(upstream:track)%00%(upstream:remotename)%00%(upstream:remoteref) refs/heads/master refs/remotes/master [1ms]
2023-02-28 11:03:01.185 [info] > git status -z -uall [9ms]
2023-02-28 11:03:01.187 [info] > git for-each-ref --sort -committerdate --format %(refname) %(objectname) %(*objectname) [2ms]
2023-02-28 11:03:50.788 [info] > git config --get commit.template [2ms]
2023-02-28 11:03:50.798 [info] > git for-each-ref --format=%(refname)%00%(upstream:short)%00%(objectname)%00%(upstream:track)%00%(upstream:remotename)%00%(upstream:remoteref) refs/heads/master refs/remotes/master [2ms]
2023-02-28 11:03:50.812 [info] > git status -z -uall [7ms]
2023-02-28 11:03:50.813 [info] > git for-each-ref --sort -committerdate --format %(refname) %(objectname) %(*objectname) [2ms]
2023-02-28 11:04:50.490 [info] > git config --get commit.template [8ms]
2023-02-28 11:04:50.491 [info] > git for-each-ref --format=%(refname)%00%(upstream:short)%00%(objectname)%00%(upstream:track)%00%(upstream:remotename)%00%(upstream:remoteref) refs/heads/master refs/remotes/master [2ms]
2023-02-28 11:04:50.503 [info] > git status -z -uall [7ms]
2023-02-28 11:04:50.504 [info] > git for-each-ref --sort -committerdate --format %(refname) %(objectname) %(*objectname) [1ms]
2023-02-28 11:06:01.961 [info] > git fetch [765ms]
2023-02-28 11:06:01.975 [info] > git config --get commit.template [3ms]
2023-02-28 11:06:01.982 [info] > git for-each-ref --format=%(refname)%00%(upstream:short)%00%(objectname)%00%(upstream:track)%00%(upstream:remotename)%00%(upstream:remoteref) refs/heads/master refs/remotes/master [2ms]
2023-02-28 11:06:01.992 [info] > git status -z -uall [5ms]
2023-02-28 11:06:01.993 [info] > git for-each-ref --sort -committerdate --format %(refname) %(objectname) %(*objectname) [1ms]
