2023-02-28 10:45:03.497 [info] Reading sessions from keychain...
2023-02-28 10:45:03.497 [info] Getting sessions for all scopes...
2023-02-28 10:45:03.497 [info] Getting sessions for read:user,repo,user:email,workflow...
2023-02-28 10:45:03.507 [info] Got 0 sessions for ...
2023-02-28 10:45:03.507 [info] Got 0 sessions for read:user,repo,user:email,workflow...
2023-02-28 10:45:04.713 [info] Logging in for the following scopes: read:user repo user:email workflow
2023-02-28 10:45:04.713 [info] Trying to retrieve PAT... (read:user repo user:email workflow)
2023-02-28 10:45:11.962 [info] Getting token scopes...
2023-02-28 10:45:12.470 [error] Getting scopes failed: Unauthorized
2023-02-28 10:45:12.470 [error] Unauthorized
2023-02-28 10:45:12.472 [error] Error: network error
	at /opt/vscodium-bin/resources/app/extensions/github-authentication/dist/extension.js:2:1301963
	at process.processTicksAndRejections (node:internal/process/task_queues:96:5)
	at async t.GitHubServer.i (/opt/vscodium-bin/resources/app/extensions/github-authentication/dist/extension.js:2:1301575)
	at async t.GitHubServer.login (/opt/vscodium-bin/resources/app/extensions/github-authentication/dist/extension.js:2:1301241)
	at async t.GitHubAuthenticationProvider.createSession (/opt/vscodium-bin/resources/app/extensions/github-authentication/dist/extension.js:2:1299264)
2023-02-28 10:45:29.091 [info] Getting sessions for read:user,repo,user:email,workflow...
2023-02-28 10:45:29.091 [info] Got 0 sessions for read:user,repo,user:email,workflow...
2023-02-28 10:45:31.761 [info] Logging in for the following scopes: read:user repo user:email workflow
2023-02-28 10:45:31.762 [info] Trying to retrieve PAT... (read:user repo user:email workflow)
2023-02-28 10:45:33.666 [info] Getting sessions for all scopes...
2023-02-28 10:45:33.666 [info] Got 0 sessions for ...
2023-02-28 10:48:47.490 [info] Getting token scopes...
2023-02-28 10:48:48.024 [error] Error: The provided token does not match the requested scopes: read:user repo user:email workflow
	at t.GitHubServer.i (/opt/vscodium-bin/resources/app/extensions/github-authentication/dist/extension.js:2:1302126)
	at process.processTicksAndRejections (node:internal/process/task_queues:96:5)
	at async t.GitHubServer.login (/opt/vscodium-bin/resources/app/extensions/github-authentication/dist/extension.js:2:1301241)
	at async t.GitHubAuthenticationProvider.createSession (/opt/vscodium-bin/resources/app/extensions/github-authentication/dist/extension.js:2:1299264)
2023-02-28 10:48:55.550 [info] Getting sessions for read:user,repo,user:email,workflow...
2023-02-28 10:48:55.550 [info] Got 0 sessions for read:user,repo,user:email,workflow...
2023-02-28 10:48:56.547 [info] Logging in for the following scopes: read:user repo user:email workflow
2023-02-28 10:48:56.547 [info] Trying to retrieve PAT... (read:user repo user:email workflow)
2023-02-28 10:49:08.994 [info] Getting token scopes...
2023-02-28 10:49:09.525 [error] Error: The provided token does not match the requested scopes: read:user repo user:email workflow
	at t.GitHubServer.i (/opt/vscodium-bin/resources/app/extensions/github-authentication/dist/extension.js:2:1302126)
	at process.processTicksAndRejections (node:internal/process/task_queues:96:5)
	at async t.GitHubServer.login (/opt/vscodium-bin/resources/app/extensions/github-authentication/dist/extension.js:2:1301241)
	at async t.GitHubAuthenticationProvider.createSession (/opt/vscodium-bin/resources/app/extensions/github-authentication/dist/extension.js:2:1299264)
2023-02-28 10:49:11.115 [info] Getting sessions for all scopes...
2023-02-28 10:49:11.115 [info] Got 0 sessions for ...
