2023-01-13 19:00:32.432 [info] Log level: Info
2023-01-13 19:00:32.432 [info] Validating found git in: "git"
2023-01-13 19:00:32.432 [info] Using git "2.39.0" from "git"
2023-01-13 19:00:32.432 [info] > git rev-parse --show-toplevel [3ms]
2023-01-13 19:00:32.432 [info] fatal: not a git repository (or any of the parent directories): .git
2023-01-13 19:00:32.432 [info] > git rev-parse --show-toplevel [1ms]
2023-01-13 19:00:32.432 [info] fatal: not a git repository (or any parent up to mount point /)
Stopping at filesystem boundary (GIT_DISCOVERY_ACROSS_FILESYSTEM not set).
2023-01-13 19:00:32.433 [info] > git rev-parse --show-toplevel [7ms]
2023-01-13 19:00:32.433 [info] fatal: not a git repository (or any parent up to mount point /)
Stopping at filesystem boundary (GIT_DISCOVERY_ACROSS_FILESYSTEM not set).
2023-01-13 19:00:32.438 [info] > git rev-parse --show-toplevel [1ms]
2023-01-13 19:00:32.438 [info] fatal: not a git repository (or any parent up to mount point /)
Stopping at filesystem boundary (GIT_DISCOVERY_ACROSS_FILESYSTEM not set).
2023-01-13 19:00:32.444 [info] > git rev-parse --show-toplevel [1ms]
2023-01-13 19:00:32.444 [info] fatal: not a git repository (or any of the parent directories): .git
2023-01-13 19:00:32.450 [info] > git rev-parse --show-toplevel [1ms]
2023-01-13 19:00:32.450 [info] fatal: not a git repository (or any parent up to mount point /)
Stopping at filesystem boundary (GIT_DISCOVERY_ACROSS_FILESYSTEM not set).
2023-01-13 19:00:32.455 [info] > git rev-parse --show-toplevel [1ms]
2023-01-13 19:00:32.455 [info] fatal: not a git repository (or any of the parent directories): .git
2023-01-13 19:00:32.461 [info] > git rev-parse --show-toplevel [0ms]
2023-01-13 19:00:32.461 [info] fatal: not a git repository (or any of the parent directories): .git
2023-01-13 19:00:32.467 [info] > git rev-parse --show-toplevel [1ms]
2023-01-13 19:00:32.467 [info] fatal: not a git repository (or any parent up to mount point /)
Stopping at filesystem boundary (GIT_DISCOVERY_ACROSS_FILESYSTEM not set).
2023-01-13 19:00:32.477 [info] > git rev-parse --show-toplevel [1ms]
2023-01-13 19:00:32.477 [info] fatal: not a git repository (or any parent up to mount point /)
Stopping at filesystem boundary (GIT_DISCOVERY_ACROSS_FILESYSTEM not set).
2023-01-13 19:00:32.482 [info] > git rev-parse --show-toplevel [1ms]
2023-01-13 19:00:32.482 [info] fatal: not a git repository (or any of the parent directories): .git
2023-01-13 19:00:32.488 [info] > git rev-parse --show-toplevel [1ms]
2023-01-13 19:00:32.489 [info] fatal: not a git repository (or any parent up to mount point /)
Stopping at filesystem boundary (GIT_DISCOVERY_ACROSS_FILESYSTEM not set).
2023-01-13 19:00:32.494 [info] > git rev-parse --show-toplevel [1ms]
2023-01-13 19:00:32.494 [info] fatal: not a git repository (or any parent up to mount point /)
Stopping at filesystem boundary (GIT_DISCOVERY_ACROSS_FILESYSTEM not set).
2023-01-13 19:00:32.499 [info] > git rev-parse --show-toplevel [1ms]
2023-01-13 19:00:32.499 [info] fatal: not a git repository (or any of the parent directories): .git
2023-01-13 19:00:32.504 [info] > git rev-parse --show-toplevel [1ms]
2023-01-13 19:00:32.504 [info] fatal: not a git repository (or any of the parent directories): .git
